<?xml version='1.0' encoding='UTF-8'?>
<testsuite hostname="Silver" name="test" tests="5" errors="0" failures="0" skipped="0" time="0.063" timestamp="2022-10-16T01:51:46">
          <properties>
      <property name="awt.toolkit" value="sun.awt.windows.WToolkit"/><property name="java.specification.version" value="11"/><property name="sun.cpu.isalist" value="amd64"/><property name="sun.jnu.encoding" value="Cp1252"/><property name="sun.arch.data.model" value="64"/><property name="java.vendor.url" value="https://openjdk.java.net/"/><property name="sun.boot.library.path" value="C:\Users\rsaha\Java\jdk-11.0.16\bin"/><property name="sun.java.command" value="xsbt.boot.Boot clean compile test"/><property name="jdk.debug" value="release"/><property name="sun.stderr.encoding" value="cp437"/><property name="java.specification.vendor" value="Oracle Corporation"/><property name="java.version.date" value="2022-07-19"/><property name="java.home" value="C:\Users\rsaha\Java\jdk-11.0.16"/><property name="file.separator" value="\"/><property name="java.vm.compressedOopsMode" value="32-bit"/><property name="line.separator" value="
"/><property name="sun.stdout.encoding" value="cp437"/><property name="java.specification.name" value="Java Platform API Specification"/><property name="java.vm.specification.vendor" value="Oracle Corporation"/><property name="user.script" value=""/><property name="sun.management.compiler" value="HotSpot 64-Bit Tiered Compilers"/><property name="java.runtime.version" value="11.0.16+11-LTS-199"/><property name="user.name" value="rsaha"/><property name="log4j.ignoreTCL" value="true"/><property name="file.encoding" value="UTF-8"/><property name="jnidispatch.path" value="C:\Users\rsaha\AppData\Local\Temp\jna-108803897\jna10583424646515319489.dll"/><property name="java.vendor.version" value="18.9"/><property name="jna.loaded" value="true"/><property name="java.io.tmpdir" value="C:\Users\rsaha\AppData\Local\Temp\"/><property name="java.version" value="11.0.16"/><property name="java.vm.specification.name" value="Java Virtual Machine Specification"/><property name="java.awt.printerjob" value="sun.awt.windows.WPrinterJob"/><property name="sun.os.patch.level" value=""/><property name="java.library.path" value="C:\Users\rsaha\Java\jdk-11.0.16\bin;C:\WINDOWS\Sun\Java\bin;C:\WINDOWS\system32;C:\WINDOWS;C:\Users\rsaha\Java\jdk-11.0.16\bin;C:\Program Files\Common Files\Oracle\Java\javapath;C:\WINDOWS\system32;C:\WINDOWS;C:\WINDOWS\System32\Wbem;C:\WINDOWS\System32\WindowsPowerShell\v1.0\;C:\Users\rsaha\Java\jdk-11.0.16\bin;C:\WINDOWS\System32\OpenSSH\;C:\Users\rsaha\Java\jdk-17.0.4.1\bin;C:\Program Files\Git\cmd;C:\Users\rsaha\hadoop-3.3.4\bin;C:\Program Files (x86)\sbt\bin;C:\Users\rsaha\hadoop-3.3.4\sbin;C:\Program Files\nodejs\;C:\Users\rsaha\AppData\Local\Microsoft\WindowsApps;C:\Users\rsaha\AppData\Local\Programs\Microsoft VS Code\bin;C:\Program Files\JetBrains\IntelliJ IDEA 2022.2.2\bin;C:\Program Files (x86)\GnuWin32\bin;C:\Users\rsaha\AppData\Local\Coursier\data\bin;C:\Users\rsaha\AppData\Roaming\npm;."/><property name="java.vendor" value="Oracle Corporation"/><property name="scala.ext.dirs" value="C:\Users\rsaha\.sbt\1.0\java9-rt-ext-oracle_corporation_11_0_16"/><property name="sun.io.unicode.encoding" value="UnicodeLittle"/><property name="sun.desktop" value="windows"/><property name="java.class.path" value="C:\Program Files (x86)\sbt\\bin\sbt-launch.jar"/><property name="java.vm.vendor" value="Oracle Corporation"/><property name="user.variant" value=""/><property name="jline.shutdownhook" value="false"/><property name="user.timezone" value="America/Chicago"/><property name="os.name" value="Windows 11"/><property name="java.vm.specification.version" value="11"/><property name="sun.java.launcher" value="SUN_STANDARD"/><property name="user.country" value="US"/><property name="sun.cpu.endian" value="little"/><property name="user.home" value="C:\Users\rsaha"/><property name="user.language" value="en"/><property name="swoval.tmpdir" value="C:\Users\rsaha\.sbt\1.0"/><property name="java.awt.graphicsenv" value="sun.awt.Win32GraphicsEnvironment"/><property name="jline.esc.timeout" value="0"/><property name="path.separator" value=";"/><property name="os.version" value="10.0"/><property name="jna.nosys" value="true"/><property name="java.runtime.name" value="Java(TM) SE Runtime Environment"/><property name="java.vm.name" value="Java HotSpot(TM) 64-Bit Server VM"/><property name="java.vendor.url.bug" value="https://bugreport.java.com/bugreport/"/><property name="user.dir" value="C:\Users\rsaha\CCprojects\LogFileGenerator"/><property name="os.arch" value="amd64"/><property name="java.vm.info" value="mixed mode"/><property name="java.vm.version" value="11.0.16+11-LTS-199"/><property name="java.class.version" value="55.0"/>
    </properties>
          <testcase classname="test" name="Test to check if Time Parsing is done" time="0.016">
                      
                    </testcase><testcase classname="test" name="Test to check if configuration file is present" time="0.047">
                      
                    </testcase><testcase classname="test" name="Test to check for log messsage type" time="0.0">
                      
                    </testcase><testcase classname="test" name="Test to check for injected pattern" time="0.0">
                      
                    </testcase><testcase classname="test" name="Test to check for injected pattern not matching" time="0.0">
                      
                    </testcase>
          <system-out><![CDATA[]]></system-out>
          <system-err><![CDATA[]]></system-err>
        </testsuite>